<?xml version="1.0" encoding="UTF-8"?>
<!-- Generated by org.testng.reporters.JUnitReportReporter -->
<testsuite skipped="0" hostname="ME-D-0015" name="CucumberOption.TestRunner" tests="2" failures="0" timestamp="02 Sep 2019 02:06:25 GMT" time="37.137" errors="0">
  <testcase name="feature" time="19.060" classname="CucumberOption.TestRunner"/>
  <testcase name="feature" time="18.077" classname="CucumberOption.TestRunner"/>
</testsuite> <!-- CucumberOption.TestRunner -->
